<?xml version="1.0" encoding="UTF-8"?>
<testsuite name="dev.changuii.project.ProjectApplicationTests" tests="1" skipped="0" failures="0" errors="0" timestamp="2024-04-16T15:31:59" hostname="ichang-uiui-MacBookAir.local" time="0.33">
  <properties/>
  <testcase name="contextLoads()" classname="dev.changuii.project.ProjectApplicationTests" time="0.33"/>
  <system-out><![CDATA[00:31:58.129 [Test worker] INFO org.springframework.test.context.support.AnnotationConfigContextLoaderUtils -- Could not detect default configuration classes for test class [dev.changuii.project.ProjectApplicationTests]: ProjectApplicationTests does not declare any static, non-private, non-final, nested classes annotated with @Configuration.
00:31:58.174 [Test worker] INFO org.springframework.boot.test.context.SpringBootTestContextBootstrapper -- Found @SpringBootConfiguration dev.changuii.project.ProjectApplication for test class dev.changuii.project.ProjectApplicationTests

  .   ____          _            __ _ _
 /\\ / ___'_ __ _ _(_)_ __  __ _ \ \ \ \
( ( )\___ | '_ | '_| | '_ \/ _` | \ \ \ \
 \\/  ___)| |_)| | | | | || (_| |  ) ) ) )
  '  |____| .__|_| |_|_| |_\__, | / / / /
 =========|_|==============|___/=/_/_/_/
 :: Spring Boot ::                (v3.2.4)

2024-04-17T00:31:58.340+09:00  INFO 43341 --- [    Test worker] d.c.project.ProjectApplicationTests      : Starting ProjectApplicationTests using Java 17.0.9 with PID 43341 (started by chlee in /Users/chlee/Desktop/스프링/SpringBoot_BoilerPlate/project)
2024-04-17T00:31:58.340+09:00  INFO 43341 --- [    Test worker] d.c.project.ProjectApplicationTests      : The following 1 profile is active: "dev"
2024-04-17T00:31:58.562+09:00  INFO 43341 --- [    Test worker] .s.d.r.c.RepositoryConfigurationDelegate : Bootstrapping Spring Data JPA repositories in DEFAULT mode.
2024-04-17T00:31:58.584+09:00  INFO 43341 --- [    Test worker] .s.d.r.c.RepositoryConfigurationDelegate : Finished Spring Data repository scanning in 19 ms. Found 1 JPA repository interface.
2024-04-17T00:31:58.743+09:00  INFO 43341 --- [    Test worker] o.hibernate.jpa.internal.util.LogHelper  : HHH000204: Processing PersistenceUnitInfo [name: default]
2024-04-17T00:31:58.764+09:00  INFO 43341 --- [    Test worker] org.hibernate.Version                    : HHH000412: Hibernate ORM core version 6.4.4.Final
2024-04-17T00:31:58.777+09:00  INFO 43341 --- [    Test worker] o.h.c.internal.RegionFactoryInitiator    : HHH000026: Second-level cache disabled
2024-04-17T00:31:58.860+09:00  INFO 43341 --- [    Test worker] o.s.o.j.p.SpringPersistenceUnitInfo      : No LoadTimeWeaver setup: ignoring JPA class transformer
2024-04-17T00:31:58.870+09:00  INFO 43341 --- [    Test worker] com.zaxxer.hikari.HikariDataSource       : HikariPool-1 - Starting...
2024-04-17T00:31:58.916+09:00  INFO 43341 --- [    Test worker] com.zaxxer.hikari.pool.HikariPool        : HikariPool-1 - Added connection org.mariadb.jdbc.Connection@4315fe1b
2024-04-17T00:31:58.917+09:00  INFO 43341 --- [    Test worker] com.zaxxer.hikari.HikariDataSource       : HikariPool-1 - Start completed.
2024-04-17T00:31:59.232+09:00  INFO 43341 --- [    Test worker] o.h.e.t.j.p.i.JtaPlatformInitiator       : HHH000489: No JTA platform available (set 'hibernate.transaction.jta.platform' to enable JTA platform integration)
2024-04-17T00:31:59.260+09:00  INFO 43341 --- [    Test worker] j.LocalContainerEntityManagerFactoryBean : Initialized JPA EntityManagerFactory for persistence unit 'default'
2024-04-17T00:31:59.339+09:00  WARN 43341 --- [    Test worker] JpaBaseConfiguration$JpaWebConfiguration : spring.jpa.open-in-view is enabled by default. Therefore, database queries may be performed during view rendering. Explicitly configure spring.jpa.open-in-view to disable this warning
2024-04-17T00:31:59.603+09:00  INFO 43341 --- [    Test worker] d.c.project.ProjectApplicationTests      : Started ProjectApplicationTests in 1.371 seconds (process running for 1.902)
]]></system-out>
  <system-err><![CDATA[]]></system-err>
</testsuite>
